<?xml version="1.0" encoding="UTF-8"?>
<testng-results skipped="0" failed="0" ignored="0" total="0" passed="0">
  <reporter-output>
  </reporter-output>
  <suite name="BDD Test Suite" duration-ms="91" started-at="2018-06-08T15:13:53Z" finished-at="2018-06-08T15:13:53Z">
    <groups>
    </groups>
    <test name="Login and Update Profile Test" duration-ms="91" started-at="2018-06-08T15:13:53Z" finished-at="2018-06-08T15:13:53Z">
    </test> <!-- Login and Update Profile Test -->
  </suite> <!-- BDD Test Suite -->
</testng-results>
